12-Nov-17 8:38:34 PM	This log contains information about the import schema operation into project 'CSDL_QLSinhVien' on computer 'DESKTOP-D6AAJUG' by user 'StevenNguyen'.
12-Nov-17 8:38:34 PM	Import of database schema has started.
12-Nov-17 8:38:42 PM	Gathering database options
12-Nov-17 8:38:42 PM	Gathering users
12-Nov-17 8:38:42 PM	Gathering roles
12-Nov-17 8:38:42 PM	Gathering application roles
12-Nov-17 8:38:42 PM	Gathering role memberships
12-Nov-17 8:38:42 PM	Gathering filegroups
12-Nov-17 8:38:42 PM	Gathering full-text catalogs
12-Nov-17 8:38:42 PM	Gathering assemblies
12-Nov-17 8:38:42 PM	Gathering certificates
12-Nov-17 8:38:42 PM	Gathering asymmetric keys
12-Nov-17 8:38:42 PM	Gathering symmetric keys
12-Nov-17 8:38:42 PM	Gathering encrypted symmetric keys
12-Nov-17 8:38:42 PM	Gathering schemas
12-Nov-17 8:38:42 PM	Gathering XML schema collections
12-Nov-17 8:38:42 PM	Gathering user-defined data types
12-Nov-17 8:38:42 PM	Gathering user-defined types
12-Nov-17 8:38:42 PM	Gathering table types
12-Nov-17 8:38:42 PM	Gathering unique keys for table types
12-Nov-17 8:38:42 PM	Gathering primary keys for table types
12-Nov-17 8:38:42 PM	Gathering indexes for table types
12-Nov-17 8:38:42 PM	Gathering check constraints for table types
12-Nov-17 8:38:42 PM	Gathering default constraints for table types
12-Nov-17 8:38:42 PM	Gathering partition functions
12-Nov-17 8:38:42 PM	Gathering partition schemes
12-Nov-17 8:38:42 PM	Gathering functions
12-Nov-17 8:38:42 PM	Gathering encrypted functions
12-Nov-17 8:38:42 PM	Gathering aggregates
12-Nov-17 8:38:42 PM	Gathering procedures
12-Nov-17 8:38:42 PM	Gathering encrypted procedures
12-Nov-17 8:38:42 PM	Gathering tables
12-Nov-17 8:38:43 PM	Gathering primary keys
12-Nov-17 8:38:43 PM	Gathering unique constraints
12-Nov-17 8:38:43 PM	Gathering foreign keys
12-Nov-17 8:38:43 PM	Gathering default constraints
12-Nov-17 8:38:43 PM	Gathering check constraints
12-Nov-17 8:38:43 PM	Gathering views
12-Nov-17 8:38:43 PM	Gathering encrypted views
12-Nov-17 8:38:43 PM	Gathering indexes
12-Nov-17 8:38:43 PM	Gathering statistics
12-Nov-17 8:38:43 PM	Gathering full-text index stoplists
12-Nov-17 8:38:43 PM	Gathering search property lists
12-Nov-17 8:38:43 PM	Gathering search properties
12-Nov-17 8:38:43 PM	Gathering full-text indexes
12-Nov-17 8:38:43 PM	Gathering column store indexes
12-Nov-17 8:38:43 PM	Gathering spatial indexes
12-Nov-17 8:38:43 PM	Gathering XML indexes
12-Nov-17 8:38:43 PM	Gathering Selective XML indexes
12-Nov-17 8:38:43 PM	Gathering encrypted triggers
12-Nov-17 8:38:43 PM	Gathering triggers
12-Nov-17 8:38:43 PM	Gathering encrypted and clr ddl triggers
12-Nov-17 8:38:43 PM	Gathering ddl triggers
12-Nov-17 8:38:43 PM	Gathering synonyms
12-Nov-17 8:38:43 PM	Gathering defaults
12-Nov-17 8:38:43 PM	Gathering data constraint uddt bindings
12-Nov-17 8:38:43 PM	Gathering rules
12-Nov-17 8:38:43 PM	Gathering data constraint uddt bindings
12-Nov-17 8:38:43 PM	Gathering message types
12-Nov-17 8:38:43 PM	Gathering queues
12-Nov-17 8:38:43 PM	Gathering contracts
12-Nov-17 8:38:43 PM	Gathering services
12-Nov-17 8:38:43 PM	Gathering event notifications
12-Nov-17 8:38:43 PM	Gathering remote service bindings
12-Nov-17 8:38:43 PM	Gathering broker priorities
12-Nov-17 8:38:43 PM	Gathering signatures
12-Nov-17 8:38:43 PM	Gathering data compression options
12-Nov-17 8:38:43 PM	Gathering sequence types
12-Nov-17 8:38:43 PM	Gathering extended properties
12-Nov-17 8:38:43 PM	Gathering credentials
12-Nov-17 8:38:43 PM	Gathering logins
12-Nov-17 8:38:43 PM	Gathering server audits
12-Nov-17 8:38:44 PM	Scanning project for duplicate elements
12-Nov-17 8:38:44 PM	Finished duplicate element processing
12-Nov-17 8:38:45 PM	Finished importing database.
12-Nov-17 8:38:45 PM	A summary of the import was saved to the following location: C:\Users\StevenNguyen\Desktop\QLSV\CSDL_QLSinhVien\Import Schema Logs\CSDL_QLSinhVien_20171112013834.log
12-Nov-17 8:38:45 PM	Click Finish to continue...
