12/11/2017 2:47:02 PM	This log contains information about the import schema operation into project 'CSDL_QLSinhVien' on computer 'ASUS' by user 'Admin'.
12/11/2017 2:47:03 PM	Import of database schema has started.
12/11/2017 2:47:28 PM	Gathering database options
12/11/2017 2:47:28 PM	Gathering users
12/11/2017 2:47:28 PM	Gathering roles
12/11/2017 2:47:28 PM	Gathering application roles
12/11/2017 2:47:28 PM	Gathering role memberships
12/11/2017 2:47:28 PM	Gathering filegroups
12/11/2017 2:47:28 PM	Gathering full-text catalogs
12/11/2017 2:47:28 PM	Gathering assemblies
12/11/2017 2:47:28 PM	Gathering certificates
12/11/2017 2:47:28 PM	Gathering asymmetric keys
12/11/2017 2:47:28 PM	Gathering symmetric keys
12/11/2017 2:47:28 PM	Gathering encrypted symmetric keys
12/11/2017 2:47:28 PM	Gathering schemas
12/11/2017 2:47:57 PM	Gathering XML schema collections
12/11/2017 2:47:57 PM	Gathering user-defined data types
12/11/2017 2:47:57 PM	Gathering user-defined types
12/11/2017 2:47:57 PM	Gathering table types
12/11/2017 2:47:57 PM	Gathering unique keys for table types
12/11/2017 2:47:57 PM	Gathering primary keys for table types
12/11/2017 2:47:57 PM	Gathering indexes for table types
12/11/2017 2:47:57 PM	Gathering check constraints for table types
12/11/2017 2:47:57 PM	Gathering default constraints for table types
12/11/2017 2:47:57 PM	Gathering partition functions
12/11/2017 2:47:57 PM	Gathering partition schemes
12/11/2017 2:47:57 PM	Gathering functions
12/11/2017 2:47:57 PM	Gathering encrypted functions
12/11/2017 2:47:58 PM	Gathering aggregates
12/11/2017 2:47:58 PM	Gathering procedures
12/11/2017 2:47:59 PM	Gathering encrypted procedures
12/11/2017 2:47:59 PM	Gathering tables
12/11/2017 2:47:59 PM	Gathering primary keys
12/11/2017 2:47:59 PM	Gathering unique constraints
12/11/2017 2:47:59 PM	Gathering foreign keys
12/11/2017 2:47:59 PM	Gathering default constraints
12/11/2017 2:47:59 PM	Gathering check constraints
12/11/2017 2:47:59 PM	Gathering views
12/11/2017 2:47:59 PM	Gathering encrypted views
12/11/2017 2:47:59 PM	Gathering indexes
12/11/2017 2:47:59 PM	Gathering statistics
12/11/2017 2:47:59 PM	Gathering full-text index stoplists
12/11/2017 2:47:59 PM	Gathering search property lists
12/11/2017 2:47:59 PM	Gathering search properties
12/11/2017 2:47:59 PM	Gathering full-text indexes
12/11/2017 2:47:59 PM	Gathering column store indexes
12/11/2017 2:47:59 PM	Gathering spatial indexes
12/11/2017 2:47:59 PM	Gathering XML indexes
12/11/2017 2:47:59 PM	Gathering Selective XML indexes
12/11/2017 2:47:59 PM	Gathering encrypted triggers
12/11/2017 2:47:59 PM	Gathering triggers
12/11/2017 2:47:59 PM	Gathering encrypted and clr ddl triggers
12/11/2017 2:47:59 PM	Gathering ddl triggers
12/11/2017 2:47:59 PM	Gathering synonyms
12/11/2017 2:47:59 PM	Gathering defaults
12/11/2017 2:47:59 PM	Gathering data constraint uddt bindings
12/11/2017 2:47:59 PM	Gathering rules
12/11/2017 2:47:59 PM	Gathering data constraint uddt bindings
12/11/2017 2:47:59 PM	Gathering message types
12/11/2017 2:47:59 PM	Gathering queues
12/11/2017 2:47:59 PM	Gathering contracts
12/11/2017 2:47:59 PM	Gathering services
12/11/2017 2:47:59 PM	Gathering event notifications
12/11/2017 2:47:59 PM	Gathering remote service bindings
12/11/2017 2:47:59 PM	Gathering broker priorities
12/11/2017 2:47:59 PM	Gathering signatures
12/11/2017 2:47:59 PM	Gathering data compression options
12/11/2017 2:47:59 PM	Gathering sequence types
12/11/2017 2:47:59 PM	Gathering extended properties
12/11/2017 2:48:00 PM	Gathering credentials
12/11/2017 2:48:00 PM	Gathering logins
12/11/2017 2:48:00 PM	Gathering server audits
12/11/2017 2:48:02 PM	Scanning project for duplicate elements
12/11/2017 2:48:02 PM	Finished duplicate element processing
12/11/2017 2:48:04 PM	Finished importing database.
12/11/2017 2:48:04 PM	A summary of the import was saved to the following location: C:\Users\Admin\Desktop\QLSV\CSDL_QLSinhVien\Import Schema Logs\CSDL_QLSinhVien_20171112074702.log
12/11/2017 2:48:04 PM	Click Finish to continue...
